<?xml version="1.0" encoding="UTF-8"?>
<testng-results total="1" passed="1" failed="0" skipped="0">
  <reporter-output>
  </reporter-output>
  <suite started-at="2019-02-17T13:21:02Z" name="Suite" finished-at="2019-02-17T13:21:09Z" duration-ms="7519">
    <groups>
      <group name="cucumber">
        <method signature="AbstractTestNGCucumberTests.feature(cucumber.api.testng.CucumberFeatureWrapper)[pri:0, instance:com.betsson.FE.runner.MainRunner@5939a379]" name="feature" class="cucumber.api.testng.AbstractTestNGCucumberTests"/>
      </group> <!-- cucumber -->
    </groups>
    <test started-at="2019-02-17T13:21:02Z" name="Test" finished-at="2019-02-17T13:21:09Z" duration-ms="7519">
      <class name="com.betsson.FE.runner.MainRunner">
        <test-method is-config="true" signature="setUpClass()[pri:0, instance:com.betsson.FE.runner.MainRunner@5939a379]" started-at="2019-02-17T14:21:02Z" name="setUpClass" finished-at="2019-02-17T14:21:02Z" duration-ms="212" status="PASS">
          <reporter-output>
          </reporter-output>
        </test-method> <!-- setUpClass -->
        <test-method signature="feature(cucumber.api.testng.CucumberFeatureWrapper)[pri:0, instance:com.betsson.FE.runner.MainRunner@5939a379]" started-at="2019-02-17T14:21:02Z" name="feature" description="Runs Cucumber Feature" data-provider="features" finished-at="2019-02-17T14:21:09Z" duration-ms="6878" status="PASS">
          <params>
            <param index="0">
              <value>
                <![CDATA[Betsson login functionality]]>
              </value>
            </param>
          </params>
          <reporter-output>
          </reporter-output>
        </test-method> <!-- feature -->
        <test-method is-config="true" signature="tearDownClass()[pri:0, instance:com.betsson.FE.runner.MainRunner@5939a379]" started-at="2019-02-17T14:21:09Z" name="tearDownClass" finished-at="2019-02-17T14:21:09Z" duration-ms="351" status="PASS">
          <reporter-output>
          </reporter-output>
        </test-method> <!-- tearDownClass -->
      </class> <!-- com.betsson.FE.runner.MainRunner -->
    </test> <!-- Test -->
  </suite> <!-- Suite -->
</testng-results>
